# JRE version: OpenJDK Runtime Environment Temurin-21.0.10+7 (21.0.10+7) (build 21.0.10+7-LTS)
# Java VM: OpenJDK 64-Bit Server VM Temurin-21.0.10+7 (21.0.10+7-LTS, mixed mode, sharing, tiered, compressed oops, compressed class ptrs, parallel gc, windows-amd64)
GC Precious Log:
 CardTable entry size: 512
 CPUs: 8 total, 8 available
 Memory: 7835M
 Large Page Support: Disabled
 NUMA Support: Disabled
 Compressed Oops: Enabled (32-bit)
 Alignments: Space 512K, Generation 512K, Heap 2M
 Heap Min Capacity: 100M
 Heap Initial Capacity: 100M
 Heap Max Capacity: 2G
 Pre-touch: Disabled
 Parallel Workers: 8
Heap:
 PSYoungGen      total 10240K, used 7985K [0x00000000d5580000, 0x00000000d6100000, 0x0000000100000000)
  eden space 8704K, 88% used [0x00000000d5580000,0x00000000d5d04490,0x00000000d5e00000)
  from space 1536K, 18% used [0x00000000d5e00000,0x00000000d5e48000,0x00000000d5f80000)
  to   space 1024K, 0% used [0x00000000d6000000,0x00000000d6000000,0x00000000d6100000)
 ParOldGen       total 102400K, used 102303K [0x0000000080000000, 0x0000000086400000, 0x00000000d5580000)
  object space 102400K, 99% used [0x0000000080000000,0x00000000863e7de8,0x0000000086400000)
 Metaspace       used 73561K, committed 75264K, reserved 1179648K
  class space    used 7682K, committed 8448K, reserved 1048576K
GC Heap History (20 events):
Event: 197.480 GC heap before
{Heap before GC invocations=77 (full 3):
 PSYoungGen      total 14336K, used 14322K [0x00000000d5580000, 0x00000000d6880000, 0x0000000100000000)
  eden space 11264K, 100% used [0x00000000d5580000,0x00000000d6080000,0x00000000d6080000)
  from space 3072K, 99% used [0x00000000d6080000,0x00000000d637c9c8,0x00000000d6380000)
  to   space 4096K, 0% used [0x00000000d6480000,0x00000000d6480000,0x00000000d6880000)
 ParOldGen       total 92160K, used 92030K [0x0000000080000000, 0x0000000085a00000, 0x00000000d5580000)
  object space 92160K, 99% used [0x0000000080000000,0x00000000859df908,0x0000000085a00000)
 Metaspace       used 70839K, committed 72512K, reserved 1114112K
  class space    used 7378K, committed 8128K, reserved 1048576K
}
Event: 197.483 GC heap after
{Heap after GC invocations=77 (full 3):
 PSYoungGen      total 11776K, used 409K [0x00000000d5580000, 0x00000000d6500000, 0x0000000100000000)
  eden space 11264K, 0% used [0x00000000d5580000,0x00000000d5580000,0x00000000d6080000)
  from space 512K, 79% used [0x00000000d6480000,0x00000000d64e65d8,0x00000000d6500000)
  to   space 2048K, 0% used [0x00000000d6100000,0x00000000d6100000,0x00000000d6300000)
 ParOldGen       total 92672K, used 92318K [0x0000000080000000, 0x0000000085a80000, 0x00000000d5580000)
  object space 92672K, 99% used [0x0000000080000000,0x0000000085a27908,0x0000000085a80000)
 Metaspace       used 70839K, committed 72512K, reserved 1114112K
  class space    used 7378K, committed 8128K, reserved 1048576K
}
Event: 197.609 GC heap before
{Heap before GC invocations=78 (full 3):
 PSYoungGen      total 11776K, used 11673K [0x00000000d5580000, 0x00000000d6500000, 0x0000000100000000)
  eden space 11264K, 100% used [0x00000000d5580000,0x00000000d6080000,0x00000000d6080000)
  from space 512K, 79% used [0x00000000d6480000,0x00000000d64e65d8,0x00000000d6500000)
  to   space 2048K, 0% used [0x00000000d6100000,0x00000000d6100000,0x00000000d6300000)
 ParOldGen       total 92672K, used 92318K [0x0000000080000000, 0x0000000085a80000, 0x00000000d5580000)
  object space 92672K, 99% used [0x0000000080000000,0x0000000085a27908,0x0000000085a80000)
 Metaspace       used 71624K, committed 73216K, reserved 1179648K
  class space    used 7465K, committed 8192K, reserved 1048576K
}
Event: 197.611 GC heap after
{Heap after GC invocations=78 (full 3):
 PSYoungGen      total 13312K, used 1289K [0x00000000d5580000, 0x00000000d6500000, 0x0000000100000000)
  eden space 11264K, 0% used [0x00000000d5580000,0x00000000d5580000,0x00000000d6080000)
  from space 2048K, 62% used [0x00000000d6100000,0x00000000d62426c8,0x00000000d6300000)
  to   space 1536K, 0% used [0x00000000d6380000,0x00000000d6380000,0x00000000d6500000)
 ParOldGen       total 92672K, used 92591K [0x0000000080000000, 0x0000000085a80000, 0x00000000d5580000)
  object space 92672K, 99% used [0x0000000080000000,0x0000000085a6bc28,0x0000000085a80000)
 Metaspace       used 71624K, committed 73216K, reserved 1179648K
  class space    used 7465K, committed 8192K, reserved 1048576K
}
Event: 200.675 GC heap before
{Heap before GC invocations=79 (full 3):
 PSYoungGen      total 13312K, used 12553K [0x00000000d5580000, 0x00000000d6500000, 0x0000000100000000)
  eden space 11264K, 100% used [0x00000000d5580000,0x00000000d6080000,0x00000000d6080000)
  from space 2048K, 62% used [0x00000000d6100000,0x00000000d62426c8,0x00000000d6300000)
  to   space 1536K, 0% used [0x00000000d6380000,0x00000000d6380000,0x00000000d6500000)
 ParOldGen       total 92672K, used 92591K [0x0000000080000000, 0x0000000085a80000, 0x00000000d5580000)
  object space 92672K, 99% used [0x0000000080000000,0x0000000085a6bc28,0x0000000085a80000)
 Metaspace       used 71850K, committed 73536K, reserved 1179648K
  class space    used 7482K, committed 8256K, reserved 1048576K
}
Event: 200.678 GC heap after
{Heap after GC invocations=79 (full 3):
 PSYoungGen      total 11776K, used 1511K [0x00000000d5580000, 0x00000000d6880000, 0x0000000100000000)
  eden space 10240K, 0% used [0x00000000d5580000,0x00000000d5580000,0x00000000d5f80000)
  from space 1536K, 98% used [0x00000000d6380000,0x00000000d64f9d98,0x00000000d6500000)
  to   space 4096K, 0% used [0x00000000d5f80000,0x00000000d5f80000,0x00000000d6380000)
 ParOldGen       total 94720K, used 94598K [0x0000000080000000, 0x0000000085c80000, 0x00000000d5580000)
  object space 94720K, 99% used [0x0000000080000000,0x0000000085c618d0,0x0000000085c80000)
 Metaspace       used 71850K, committed 73536K, reserved 1179648K
  class space    used 7482K, committed 8256K, reserved 1048576K
}
Event: 201.012 GC heap before
{Heap before GC invocations=80 (full 3):
 PSYoungGen      total 11776K, used 11751K [0x00000000d5580000, 0x00000000d6880000, 0x0000000100000000)
  eden space 10240K, 100% used [0x00000000d5580000,0x00000000d5f80000,0x00000000d5f80000)
  from space 1536K, 98% used [0x00000000d6380000,0x00000000d64f9d98,0x00000000d6500000)
  to   space 4096K, 0% used [0x00000000d5f80000,0x00000000d5f80000,0x00000000d6380000)
 ParOldGen       total 94720K, used 94598K [0x0000000080000000, 0x0000000085c80000, 0x00000000d5580000)
  object space 94720K, 99% used [0x0000000080000000,0x0000000085c618d0,0x0000000085c80000)
 Metaspace       used 72717K, committed 74432K, reserved 1179648K
  class space    used 7605K, committed 8384K, reserved 1048576K
}
Event: 201.014 GC heap after
{Heap after GC invocations=80 (full 3):
 PSYoungGen      total 11776K, used 1408K [0x00000000d5580000, 0x00000000d6480000, 0x0000000100000000)
  eden space 10240K, 0% used [0x00000000d5580000,0x00000000d5580000,0x00000000d5f80000)
  from space 1536K, 91% used [0x00000000d5f80000,0x00000000d60e0000,0x00000000d6100000)
  to   space 2560K, 0% used [0x00000000d6200000,0x00000000d6200000,0x00000000d6480000)
 ParOldGen       total 96256K, used 96120K [0x0000000080000000, 0x0000000085e00000, 0x00000000d5580000)
  object space 96256K, 99% used [0x0000000080000000,0x0000000085dde058,0x0000000085e00000)
 Metaspace       used 72717K, committed 74432K, reserved 1179648K
  class space    used 7605K, committed 8384K, reserved 1048576K
}
Event: 209.915 GC heap before
{Heap before GC invocations=81 (full 3):
 PSYoungGen      total 11776K, used 11648K [0x00000000d5580000, 0x00000000d6480000, 0x0000000100000000)
  eden space 10240K, 100% used [0x00000000d5580000,0x00000000d5f80000,0x00000000d5f80000)
  from space 1536K, 91% used [0x00000000d5f80000,0x00000000d60e0000,0x00000000d6100000)
  to   space 2560K, 0% used [0x00000000d6200000,0x00000000d6200000,0x00000000d6480000)
 ParOldGen       total 96256K, used 96120K [0x0000000080000000, 0x0000000085e00000, 0x00000000d5580000)
  object space 96256K, 99% used [0x0000000080000000,0x0000000085dde058,0x0000000085e00000)
 Metaspace       used 72984K, committed 74688K, reserved 1179648K
  class space    used 7632K, committed 8384K, reserved 1048576K
}
Event: 209.918 GC heap after
{Heap after GC invocations=81 (full 3):
 PSYoungGen      total 10752K, used 416K [0x00000000d5580000, 0x00000000d6280000, 0x0000000100000000)
  eden space 10240K, 0% used [0x00000000d5580000,0x00000000d5580000,0x00000000d5f80000)
  from space 512K, 81% used [0x00000000d6200000,0x00000000d6268000,0x00000000d6280000)
  to   space 1024K, 0% used [0x00000000d6080000,0x00000000d6080000,0x00000000d6180000)
 ParOldGen       total 97792K, used 97414K [0x0000000080000000, 0x0000000085f80000, 0x00000000d5580000)
  object space 97792K, 99% used [0x0000000080000000,0x0000000085f21960,0x0000000085f80000)
 Metaspace       used 72984K, committed 74688K, reserved 1179648K
  class space    used 7632K, committed 8384K, reserved 1048576K
}
Event: 212.659 GC heap before
{Heap before GC invocations=82 (full 3):
 PSYoungGen      total 10752K, used 10656K [0x00000000d5580000, 0x00000000d6280000, 0x0000000100000000)
  eden space 10240K, 100% used [0x00000000d5580000,0x00000000d5f80000,0x00000000d5f80000)
  from space 512K, 81% used [0x00000000d6200000,0x00000000d6268000,0x00000000d6280000)
  to   space 1024K, 0% used [0x00000000d6080000,0x00000000d6080000,0x00000000d6180000)
 ParOldGen       total 97792K, used 97414K [0x0000000080000000, 0x0000000085f80000, 0x00000000d5580000)
  object space 97792K, 99% used [0x0000000080000000,0x0000000085f21960,0x0000000085f80000)
 Metaspace       used 73009K, committed 74688K, reserved 1179648K
  class space    used 7635K, committed 8384K, reserved 1048576K
}
Event: 212.661 GC heap after
{Heap after GC invocations=82 (full 3):
 PSYoungGen      total 11264K, used 1008K [0x00000000d5580000, 0x00000000d6480000, 0x0000000100000000)
  eden space 10240K, 0% used [0x00000000d5580000,0x00000000d5580000,0x00000000d5f80000)
  from space 1024K, 98% used [0x00000000d6080000,0x00000000d617c010,0x00000000d6180000)
  to   space 2560K, 0% used [0x00000000d6200000,0x00000000d6200000,0x00000000d6480000)
 ParOldGen       total 98816K, used 98378K [0x0000000080000000, 0x0000000086080000, 0x00000000d5580000)
  object space 98816K, 99% used [0x0000000080000000,0x0000000086012a70,0x0000000086080000)
 Metaspace       used 73009K, committed 74688K, reserved 1179648K
  class space    used 7635K, committed 8384K, reserved 1048576K
}
Event: 212.714 GC heap before
{Heap before GC invocations=83 (full 3):
 PSYoungGen      total 11264K, used 11248K [0x00000000d5580000, 0x00000000d6480000, 0x0000000100000000)
  eden space 10240K, 100% used [0x00000000d5580000,0x00000000d5f80000,0x00000000d5f80000)
  from space 1024K, 98% used [0x00000000d6080000,0x00000000d617c010,0x00000000d6180000)
  to   space 2560K, 0% used [0x00000000d6200000,0x00000000d6200000,0x00000000d6480000)
 ParOldGen       total 98816K, used 98378K [0x0000000080000000, 0x0000000086080000, 0x00000000d5580000)
  object space 98816K, 99% used [0x0000000080000000,0x0000000086012a70,0x0000000086080000)
 Metaspace       used 73012K, committed 74688K, reserved 1179648K
  class space    used 7635K, committed 8384K, reserved 1048576K
}
Event: 212.717 GC heap after
{Heap after GC invocations=83 (full 3):
 PSYoungGen      total 11264K, used 2539K [0x00000000d5580000, 0x00000000d6780000, 0x0000000100000000)
  eden space 8704K, 0% used [0x00000000d5580000,0x00000000d5580000,0x00000000d5e00000)
  from space 2560K, 99% used [0x00000000d6200000,0x00000000d647ae48,0x00000000d6480000)
  to   space 4096K, 0% used [0x00000000d5e00000,0x00000000d5e00000,0x00000000d6200000)
 ParOldGen       total 99840K, used 99569K [0x0000000080000000, 0x0000000086180000, 0x00000000d5580000)
  object space 99840K, 99% used [0x0000000080000000,0x000000008613c428,0x0000000086180000)
 Metaspace       used 73012K, committed 74688K, reserved 1179648K
  class space    used 7635K, committed 8384K, reserved 1048576K
}
Event: 222.661 GC heap before
{Heap before GC invocations=84 (full 3):
 PSYoungGen      total 11264K, used 11243K [0x00000000d5580000, 0x00000000d6780000, 0x0000000100000000)
  eden space 8704K, 100% used [0x00000000d5580000,0x00000000d5e00000,0x00000000d5e00000)
  from space 2560K, 99% used [0x00000000d6200000,0x00000000d647ae48,0x00000000d6480000)
  to   space 4096K, 0% used [0x00000000d5e00000,0x00000000d5e00000,0x00000000d6200000)
 ParOldGen       total 99840K, used 99569K [0x0000000080000000, 0x0000000086180000, 0x00000000d5580000)
  object space 99840K, 99% used [0x0000000080000000,0x000000008613c428,0x0000000086180000)
 Metaspace       used 73036K, committed 74688K, reserved 1179648K
  class space    used 7635K, committed 8384K, reserved 1048576K
}
Event: 222.663 GC heap after
{Heap after GC invocations=84 (full 3):
 PSYoungGen      total 10240K, used 1463K [0x00000000d5580000, 0x00000000d6300000, 0x0000000100000000)
  eden space 8704K, 0% used [0x00000000d5580000,0x00000000d5580000,0x00000000d5e00000)
  from space 1536K, 95% used [0x00000000d5e00000,0x00000000d5f6ddd0,0x00000000d5f80000)
  to   space 2560K, 0% used [0x00000000d6080000,0x00000000d6080000,0x00000000d6300000)
 ParOldGen       total 102400K, used 101949K [0x0000000080000000, 0x0000000086400000, 0x00000000d5580000)
  object space 102400K, 99% used [0x0000000080000000,0x000000008638f528,0x0000000086400000)
 Metaspace       used 73036K, committed 74688K, reserved 1179648K
  class space    used 7635K, committed 8384K, reserved 1048576K
}
Event: 222.701 GC heap before
{Heap before GC invocations=85 (full 3):
 PSYoungGen      total 10240K, used 10167K [0x00000000d5580000, 0x00000000d6300000, 0x0000000100000000)
  eden space 8704K, 100% used [0x00000000d5580000,0x00000000d5e00000,0x00000000d5e00000)
  from space 1536K, 95% used [0x00000000d5e00000,0x00000000d5f6ddd0,0x00000000d5f80000)
  to   space 2560K, 0% used [0x00000000d6080000,0x00000000d6080000,0x00000000d6300000)
 ParOldGen       total 102400K, used 101949K [0x0000000080000000, 0x0000000086400000, 0x00000000d5580000)
  object space 102400K, 99% used [0x0000000080000000,0x000000008638f528,0x0000000086400000)
 Metaspace       used 73056K, committed 74752K, reserved 1179648K
  class space    used 7635K, committed 8384K, reserved 1048576K
}
Event: 222.704 GC heap after
{Heap after GC invocations=85 (full 3):
 PSYoungGen      total 10240K, used 1264K [0x00000000d5580000, 0x00000000d6200000, 0x0000000100000000)
  eden space 8704K, 0% used [0x00000000d5580000,0x00000000d5580000,0x00000000d5e00000)
  from space 1536K, 82% used [0x00000000d6080000,0x00000000d61bc010,0x00000000d6200000)
  to   space 1536K, 0% used [0x00000000d5e00000,0x00000000d5e00000,0x00000000d5f80000)
 ParOldGen       total 102400K, used 102271K [0x0000000080000000, 0x0000000086400000, 0x00000000d5580000)
  object space 102400K, 99% used [0x0000000080000000,0x00000000863dfde8,0x0000000086400000)
 Metaspace       used 73056K, committed 74752K, reserved 1179648K
  class space    used 7635K, committed 8384K, reserved 1048576K
}
Event: 325.898 GC heap before
{Heap before GC invocations=86 (full 3):
 PSYoungGen      total 10240K, used 9963K [0x00000000d5580000, 0x00000000d6200000, 0x0000000100000000)
  eden space 8704K, 99% used [0x00000000d5580000,0x00000000d5dfedf0,0x00000000d5e00000)
  from space 1536K, 82% used [0x00000000d6080000,0x00000000d61bc010,0x00000000d6200000)
  to   space 1536K, 0% used [0x00000000d5e00000,0x00000000d5e00000,0x00000000d5f80000)
 ParOldGen       total 102400K, used 102271K [0x0000000080000000, 0x0000000086400000, 0x00000000d5580000)
  object space 102400K, 99% used [0x0000000080000000,0x00000000863dfde8,0x0000000086400000)
 Metaspace       used 73354K, committed 75008K, reserved 1179648K
  class space    used 7665K, committed 8448K, reserved 1048576K
}
Event: 325.916 GC heap after
{Heap after GC invocations=86 (full 3):
 PSYoungGen      total 10240K, used 288K [0x00000000d5580000, 0x00000000d6100000, 0x0000000100000000)
  eden space 8704K, 0% used [0x00000000d5580000,0x00000000d5580000,0x00000000d5e00000)
  from space 1536K, 18% used [0x00000000d5e00000,0x00000000d5e48000,0x00000000d5f80000)
  to   space 1024K, 0% used [0x00000000d6000000,0x00000000d6000000,0x00000000d6100000)
 ParOldGen       total 102400K, used 102303K [0x0000000080000000, 0x0000000086400000, 0x00000000d5580000)
  object space 102400K, 99% used [0x0000000080000000,0x00000000863e7de8,0x0000000086400000)
 Metaspace       used 73354K, committed 75008K, reserved 1179648K
  class space    used 7665K, committed 8448K, reserved 1048576K
}

